Performing C SOURCE FILE Test CMAKE_HAVE_LIBC_PTHREAD failed with the following output:
Change Dir: C:/search_engine/cmake-build-debug/CMakeFiles/CMakeTmp

Run Build Command(s):C:/Program Files/JetBrains/CLion 2022.3.1/bin/ninja/win/ninja.exe cmTC_46a99 && [1/2] Building C object CMakeFiles\cmTC_46a99.dir\src.c.obj
FAILED: CMakeFiles/cmTC_46a99.dir/src.c.obj 
C:\PROGRA~2\MICROS~2\2019\COMMUN~1\VC\Tools\MSVC\1429~1.301\bin\Hostx86\x86\cl.exe  /nologo -DCMAKE_HAVE_LIBC_PTHREAD  /DWIN32 /D_WINDOWS  /Zi /Ob0 /Od /RTC1 -MDd /showIncludes /FoCMakeFiles\cmTC_46a99.dir\src.c.obj /FdCMakeFiles\cmTC_46a99.dir\ /FS -c C:\search_engine\cmake-build-debug\CMakeFiles\CMakeTmp\src.c
C:\search_engine\cmake-build-debug\CMakeFiles\CMakeTmp\src.c(1): fatal error C1083: Не удается открыть файл включение: pthread.h: No such file or directory,
ninja: build stopped: subcommand failed.


Source file was:
#include <pthread.h>

static void* test_func(void* data)
{
  return data;
}

int main(void)
{
  pthread_t thread;
  pthread_create(&thread, NULL, test_func, NULL);
  pthread_detach(thread);
  pthread_cancel(thread);
  pthread_join(thread, NULL);
  pthread_atfork(NULL, NULL, NULL);
  pthread_exit(NULL);

  return 0;
}

Determining if the function pthread_create exists in the pthreads failed with the following output:
Change Dir: C:/search_engine/cmake-build-debug/CMakeFiles/CMakeTmp

Run Build Command(s):C:/Program Files/JetBrains/CLion 2022.3.1/bin/ninja/win/ninja.exe cmTC_97786 && [1/2] Building C object CMakeFiles\cmTC_97786.dir\CheckFunctionExists.c.obj
[2/2] Linking C executable cmTC_97786.exe
FAILED: cmTC_97786.exe 
cmd.exe /C "cd . && "C:\Program Files\JetBrains\CLion 2022.3.1\bin\cmake\win\bin\cmake.exe" -E vs_link_exe --intdir=CMakeFiles\cmTC_97786.dir --rc=C:\PROGRA~2\WI3CF2~1\10\bin\100190~1.0\x86\rc.exe --mt=C:\PROGRA~2\WI3CF2~1\10\bin\100190~1.0\x86\mt.exe --manifests  -- C:\PROGRA~2\MICROS~2\2019\COMMUN~1\VC\Tools\MSVC\1429~1.301\bin\Hostx86\x86\link.exe /nologo CMakeFiles\cmTC_97786.dir\CheckFunctionExists.c.obj  /out:cmTC_97786.exe /implib:cmTC_97786.lib /pdb:cmTC_97786.pdb /version:0.0 /machine:X86  /debug /INCREMENTAL /subsystem:console  pthreads.lib  kernel32.lib user32.lib gdi32.lib winspool.lib shell32.lib ole32.lib oleaut32.lib uuid.lib comdlg32.lib advapi32.lib && cd ."
LINK Pass 1: command "C:\PROGRA~2\MICROS~2\2019\COMMUN~1\VC\Tools\MSVC\1429~1.301\bin\Hostx86\x86\link.exe /nologo CMakeFiles\cmTC_97786.dir\CheckFunctionExists.c.obj /out:cmTC_97786.exe /implib:cmTC_97786.lib /pdb:cmTC_97786.pdb /version:0.0 /machine:X86 /debug /INCREMENTAL /subsystem:console pthreads.lib kernel32.lib user32.lib gdi32.lib winspool.lib shell32.lib ole32.lib oleaut32.lib uuid.lib comdlg32.lib advapi32.lib /MANIFEST /MANIFESTFILE:CMakeFiles\cmTC_97786.dir/intermediate.manifest CMakeFiles\cmTC_97786.dir/manifest.res" failed (exit code 1104) with the following output:
LINK : fatal error LNK1104: не удается открыть файл "pthreads.lib"
ninja: build stopped: subcommand failed.



Determining if the function pthread_create exists in the pthread failed with the following output:
Change Dir: C:/search_engine/cmake-build-debug/CMakeFiles/CMakeTmp

Run Build Command(s):C:/Program Files/JetBrains/CLion 2022.3.1/bin/ninja/win/ninja.exe cmTC_f2cc3 && [1/2] Building C object CMakeFiles\cmTC_f2cc3.dir\CheckFunctionExists.c.obj
[2/2] Linking C executable cmTC_f2cc3.exe
FAILED: cmTC_f2cc3.exe 
cmd.exe /C "cd . && "C:\Program Files\JetBrains\CLion 2022.3.1\bin\cmake\win\bin\cmake.exe" -E vs_link_exe --intdir=CMakeFiles\cmTC_f2cc3.dir --rc=C:\PROGRA~2\WI3CF2~1\10\bin\100190~1.0\x86\rc.exe --mt=C:\PROGRA~2\WI3CF2~1\10\bin\100190~1.0\x86\mt.exe --manifests  -- C:\PROGRA~2\MICROS~2\2019\COMMUN~1\VC\Tools\MSVC\1429~1.301\bin\Hostx86\x86\link.exe /nologo CMakeFiles\cmTC_f2cc3.dir\CheckFunctionExists.c.obj  /out:cmTC_f2cc3.exe /implib:cmTC_f2cc3.lib /pdb:cmTC_f2cc3.pdb /version:0.0 /machine:X86  /debug /INCREMENTAL /subsystem:console  pthread.lib  kernel32.lib user32.lib gdi32.lib winspool.lib shell32.lib ole32.lib oleaut32.lib uuid.lib comdlg32.lib advapi32.lib && cd ."
LINK Pass 1: command "C:\PROGRA~2\MICROS~2\2019\COMMUN~1\VC\Tools\MSVC\1429~1.301\bin\Hostx86\x86\link.exe /nologo CMakeFiles\cmTC_f2cc3.dir\CheckFunctionExists.c.obj /out:cmTC_f2cc3.exe /implib:cmTC_f2cc3.lib /pdb:cmTC_f2cc3.pdb /version:0.0 /machine:X86 /debug /INCREMENTAL /subsystem:console pthread.lib kernel32.lib user32.lib gdi32.lib winspool.lib shell32.lib ole32.lib oleaut32.lib uuid.lib comdlg32.lib advapi32.lib /MANIFEST /MANIFESTFILE:CMakeFiles\cmTC_f2cc3.dir/intermediate.manifest CMakeFiles\cmTC_f2cc3.dir/manifest.res" failed (exit code 1104) with the following output:
LINK : fatal error LNK1104: не удается открыть файл "pthread.lib"
ninja: build stopped: subcommand failed.



